<?xml version="1.0" encoding="UTF-8"?>
<!-- Generated by org.testng.reporters.JUnitReportReporter -->
<testsuite hostname="MYSHEC544566L" failures="0" tests="1" name="tests.WYSIWYGEditorTest" time="11.234" errors="0" timestamp="2025-05-29T12:22:25 IST" skipped="0">
  <testcase classname="tests.WYSIWYGEditorTest" name="test" time="11.234"/>
  <system-out/>
</testsuite> <!-- tests.WYSIWYGEditorTest -->
