<?xml version="1.0" encoding="UTF-8"?>
<!-- Generated by org.testng.reporters.JUnitReportReporter -->
<testsuite hostname="MYSHEC544566L" failures="0" tests="1" name="tests.DynamicLoadingTest" time="19.559" errors="0" timestamp="2025-06-23T23:49:00 IST" skipped="0">
  <testcase classname="tests.DynamicLoadingTest" name="testDynamicTest" time="19.559"/>
  <system-out/>
</testsuite> <!-- tests.DynamicLoadingTest -->
