<?xml version="1.0" encoding="UTF-8"?>
<!-- Generated by org.testng.reporters.JUnitReportReporter -->
<testsuite hostname="LAPTOP-79CLVAEO" failures="0" tests="1" name="tests.DynamicLoadingTest" time="12.738" errors="0" timestamp="2025-06-30T21:04:58 IST" skipped="0">
  <testcase classname="tests.DynamicLoadingTest" name="testDynamicTest" time="12.738"/>
</testsuite> <!-- tests.DynamicLoadingTest -->
