<?xml version="1.0" encoding="UTF-8"?>
<!-- Generated by org.testng.reporters.JUnitReportReporter -->
<testsuite hostname="MYSHEC544566L" failures="0" tests="1" name="tests.DragAndDropTest" time="8.865" errors="0" timestamp="2025-06-19T22:20:25 IST" skipped="0">
  <testcase classname="tests.DragAndDropTest" name="dragNDropTest" time="8.865"/>
  <system-out/>
</testsuite> <!-- tests.DragAndDropTest -->
