<?xml version="1.0" encoding="UTF-8"?>
<!-- Generated by org.testng.reporters.JUnitReportReporter -->
<testsuite hostname="MYSHEC544566L" failures="0" tests="1" name="tests.JQueyUIMenusTest" time="18.791" errors="0" timestamp="2025-06-04T15:43:14 IST" skipped="0">
  <testcase classname="tests.JQueyUIMenusTest" name="test" time="18.791"/>
  <system-out/>
</testsuite> <!-- tests.JQueyUIMenusTest -->
